
Saving e0 as file data/dsk6030/tag0000.dat.
DEBUG(save) time 06:14:43
Saving psd0 as file data/dsk6030/tag0001.dat.
DEBUG(save) time 06:14:43
Saving tof0 as file data/dsk6030/tag0002.dat.
DEBUG(save) time 06:14:43
Saving tof0g as file data/dsk6030/tag0003.dat.
DEBUG(save) time 06:14:43
Saving tof0n as file data/dsk6030/tag0004.dat.
DEBUG(save) time 06:14:43
Saving tof0eg as file data/dsk6030/tag0005.dat.
DEBUG(save) time 06:14:43
Saving tof0en as file data/dsk6030/tag0006.dat.
DEBUG(save) time 06:14:43
Saving e1 as file data/dsk6030/tag0010.dat.
DEBUG(save) time 06:14:43
Saving psd1 as file data/dsk6030/tag0011.dat.
DEBUG(save) time 06:14:43
Saving tof1 as file data/dsk6030/tag0012.dat.
DEBUG(save) time 06:14:43
Saving tof1g as file data/dsk6030/tag0013.dat.
DEBUG(save) time 06:14:43
Saving tof1n as file data/dsk6030/tag0014.dat.
DEBUG(save) time 06:14:43
Saving tof1eg as file data/dsk6030/tag0015.dat.
DEBUG(save) time 06:14:43
Saving tof1en as file data/dsk6030/tag0016.dat.
DEBUG(save) time 06:14:43
Saving e2 as file data/dsk6030/tag0020.dat.
DEBUG(save) time 06:14:43
Saving psd2 as file data/dsk6030/tag0021.dat.
DEBUG(save) time 06:14:43
Saving tof2 as file data/dsk6030/tag0022.dat.
DEBUG(save) time 06:14:43
Saving tof2g as file data/dsk6030/tag0023.dat.
DEBUG(save) time 06:14:43
Saving tof2n as file data/dsk6030/tag0024.dat.
DEBUG(save) time 06:14:43
Saving tof2eg as file data/dsk6030/tag0025.dat.
DEBUG(save) time 06:14:43
Saving tof2en as file data/dsk6030/tag0026.dat.
DEBUG(save) time 06:14:43
Saving e3 as file data/dsk6030/tag0030.dat.
DEBUG(save) time 06:14:43
Saving psd3 as file data/dsk6030/tag0031.dat.
DEBUG(save) time 06:14:43
Saving tof3 as file data/dsk6030/tag0032.dat.
DEBUG(save) time 06:14:43
Saving tof3g as file data/dsk6030/tag0033.dat.
DEBUG(save) time 06:14:43
Saving tof3n as file data/dsk6030/tag0034.dat.
DEBUG(save) time 06:14:44
Saving tof3eg as file data/dsk6030/tag0035.dat.
DEBUG(save) time 06:14:44
Saving tof3en as file data/dsk6030/tag0036.dat.
DEBUG(save) time 06:14:44
Saving e4 as file data/dsk6030/tag0040.dat.
DEBUG(save) time 06:14:44
Saving psd4 as file data/dsk6030/tag0041.dat.
DEBUG(save) time 06:14:44
Saving tof4 as file data/dsk6030/tag0042.dat.
DEBUG(save) time 06:14:44
Saving tof4g as file data/dsk6030/tag0043.dat.
DEBUG(save) time 06:14:44
Saving tof4n as file data/dsk6030/tag0044.dat.
DEBUG(save) time 06:14:44
Saving tof4eg as file data/dsk6030/tag0045.dat.
DEBUG(save) time 06:14:44
Saving tof4en as file data/dsk6030/tag0046.dat.
DEBUG(save) time 06:14:44
Saving eg as file data/dsk6030/tag0050.dat.
DEBUG(save) time 06:14:44
Saving psdg as file data/dsk6030/tag0051.dat.
DEBUG(save) time 06:14:44
Saving tofg as file data/dsk6030/tag0052.dat.
DEBUG(save) time 06:14:45
Saving en as file data/dsk6030/tag0053.dat.
DEBUG(save) time 06:14:45
Saving psdn as file data/dsk6030/tag0054.dat.
DEBUG(save) time 06:14:45
Saving tofn as file data/dsk6030/tag0055.dat.
DEBUG(save) time 06:14:45