
Saving ev_e as file data/evt0103/ev_e.010.
DEBUG(save) time 17:21:55
DEBUG(save) File ev_e contains data from adc 0
Saving ev_psd as file data/evt0103/ev_psd.010.
DEBUG(save) time 17:21:55
DEBUG(save) File ev_psd contains data from adc 1
Saving ev_tof as file data/evt0103/ev_tof.010.
DEBUG(save) time 17:21:55
DEBUG(save) File ev_tof contains data from adc 2
Saving ev_route as file data/evt0103/ev_route.010.
DEBUG(save) time 17:21:55
DEBUG(save) ev_route 
000001
003576:003927:002385:000000:000000:000000
000000:000000:000000:000000:000000:000000
000111
Saving bci as file data/evt0103/bci.010.
DEBUG(save) time 17:21:55
Saving dtime as file data/evt0103/dtime.010.
DEBUG(save) time 17:21:55
Saving ev_e as file data/evt0103/ev_e.011.
DEBUG(save) time 17:22:24
DEBUG(save) File ev_e contains data from adc 0
Saving ev_psd as file data/evt0103/ev_psd.011.
DEBUG(save) time 17:22:24
DEBUG(save) File ev_psd contains data from adc 1
Saving ev_tof as file data/evt0103/ev_tof.011.
DEBUG(save) time 17:22:24
DEBUG(save) File ev_tof contains data from adc 2
Saving ev_route as file data/evt0103/ev_route.011.
DEBUG(save) time 17:22:24
DEBUG(save) ev_route 
000003
003719:003933:002255:000000:000000:000000
000000:000000:000000:000000:000000:000000
000090
Saving bci as file data/evt0103/bci.011.
DEBUG(save) time 17:22:24
Saving dtime as file data/evt0103/dtime.011.
DEBUG(save) time 17:22:24
Saving ev_e as file data/evt0103/ev_e.012.
DEBUG(save) time 17:22:50
DEBUG(save) File ev_e contains data from adc 0
Saving ev_psd as file data/evt0103/ev_psd.012.
DEBUG(save) time 17:22:50
DEBUG(save) File ev_psd contains data from adc 1
Saving ev_tof as file data/evt0103/ev_tof.012.
DEBUG(save) time 17:22:50
DEBUG(save) File ev_tof contains data from adc 2
Saving ev_route as file data/evt0103/ev_route.012.
DEBUG(save) time 17:22:50
DEBUG(save) ev_route 
000000
003668:004088:002145:000000:000000:000000
000000:000000:000000:000000:000000:000000
000099
Saving bci as file data/evt0103/bci.012.
DEBUG(save) time 17:22:50
Saving dtime as file data/evt0103/dtime.012.
DEBUG(save) time 17:22:50
Saving ev_e as file data/evt0103/ev_e.013.
DEBUG(save) time 17:23:15
DEBUG(save) File ev_e contains data from adc 0
Saving ev_psd as file data/evt0103/ev_psd.013.
DEBUG(save) time 17:23:15
DEBUG(save) File ev_psd contains data from adc 1
Saving ev_tof as file data/evt0103/ev_tof.013.
DEBUG(save) time 17:23:15
DEBUG(save) File ev_tof contains data from adc 2
Saving ev_route as file data/evt0103/ev_route.013.
DEBUG(save) time 17:23:15
DEBUG(save) ev_route 
000002
003722:003959:002215:000000:000000:000000
000000:000000:000000:000000:000000:000000
000102
Saving bci as file data/evt0103/bci.013.
DEBUG(save) time 17:23:15
Saving dtime as file data/evt0103/dtime.013.
DEBUG(save) time 17:23:15
Saving ev_e as file data/evt0103/ev_e.014.
DEBUG(save) time 17:23:40
DEBUG(save) File ev_e contains data from adc 0
Saving ev_psd as file data/evt0103/ev_psd.014.
DEBUG(save) time 17:23:40
DEBUG(save) File ev_psd contains data from adc 1
Saving ev_tof as file data/evt0103/ev_tof.014.
DEBUG(save) time 17:23:40
DEBUG(save) File ev_tof contains data from adc 2
Saving ev_route as file data/evt0103/ev_route.014.
DEBUG(save) time 17:23:40
DEBUG(save) ev_route 
000004
003725:004076:002095:000000:000000:000000
000000:000000:000000:000000:000000:000000
000100
Saving bci as file data/evt0103/bci.014.
DEBUG(save) time 17:23:40
Saving dtime as file data/evt0103/dtime.014.
DEBUG(save) time 17:23:40
Saving ev_e as file data/evt0103/ev_e.015.
DEBUG(save) time 17:24:05
DEBUG(save) File ev_e contains data from adc 0
Saving ev_psd as file data/evt0103/ev_psd.015.
DEBUG(save) time 17:24:05
DEBUG(save) File ev_psd contains data from adc 1
Saving ev_tof as file data/evt0103/ev_tof.015.
DEBUG(save) time 17:24:05
DEBUG(save) File ev_tof contains data from adc 2
Saving ev_route as file data/evt0103/ev_route.015.
DEBUG(save) time 17:24:05
DEBUG(save) ev_route 
000001
003760:003975:002169:000000:000000:000000
000000:000000:000000:000000:000000:000000
000095
Saving bci as file data/evt0103/bci.015.
DEBUG(save) time 17:24:05
Saving dtime as file data/evt0103/dtime.015.
DEBUG(save) time 17:24:05
Saving ev_e as file data/evt0103/ev_e.016.
DEBUG(save) time 17:24:31
DEBUG(save) File ev_e contains data from adc 0
Saving ev_psd as file data/evt0103/ev_psd.016.
DEBUG(save) time 17:24:31
DEBUG(save) File ev_psd contains data from adc 1
Saving ev_tof as file data/evt0103/ev_tof.016.
DEBUG(save) time 17:24:31
DEBUG(save) File ev_tof contains data from adc 2
Saving ev_route as file data/evt0103/ev_route.016.
DEBUG(save) time 17:24:31
DEBUG(save) ev_route 
000003
003687:004051:002170:000000:000000:000000
000000:000000:000000:000000:000000:000000
000089
Saving bci as file data/evt0103/bci.016.
DEBUG(save) time 17:24:31
Saving dtime as file data/evt0103/dtime.016.
DEBUG(save) time 17:24:31
Saving ev_e as file data/evt0103/ev_e.017.
DEBUG(save) time 17:24:57
DEBUG(save) File ev_e contains data from adc 0
Saving ev_psd as file data/evt0103/ev_psd.017.
DEBUG(save) time 17:24:57
DEBUG(save) File ev_psd contains data from adc 1
Saving ev_tof as file data/evt0103/ev_tof.017.
DEBUG(save) time 17:24:57
DEBUG(save) File ev_tof contains data from adc 2
Saving ev_route as file data/evt0103/ev_route.017.
DEBUG(save) time 17:24:57
DEBUG(save) ev_route 
000001
003716:004053:002143:000000:000000:000000
000000:000000:000000:000000:000000:000000
000087
Saving bci as file data/evt0103/bci.017.
DEBUG(save) time 17:24:57
Saving dtime as file data/evt0103/dtime.017.
DEBUG(save) time 17:24:57
Saving ev_e as file data/evt0103/ev_e.018.
DEBUG(save) time 17:25:22
DEBUG(save) File ev_e contains data from adc 0
Saving ev_psd as file data/evt0103/ev_psd.018.
DEBUG(save) time 17:25:22
DEBUG(save) File ev_psd contains data from adc 1
Saving ev_tof as file data/evt0103/ev_tof.018.
DEBUG(save) time 17:25:22
DEBUG(save) File ev_tof contains data from adc 2
Saving ev_route as file data/evt0103/ev_route.018.
DEBUG(save) time 17:25:22
DEBUG(save) ev_route 
000004
003695:004053:002158:000000:000000:000000
000000:000000:000000:000000:000000:000000
000090
Saving bci as file data/evt0103/bci.018.
DEBUG(save) time 17:25:22
Saving dtime as file data/evt0103/dtime.018.
DEBUG(save) time 17:25:22
Saving ev_e as file data/evt0103/ev_e.019.
DEBUG(save) time 17:25:48
DEBUG(save) File ev_e contains data from adc 0
Saving ev_psd as file data/evt0103/ev_psd.019.
DEBUG(save) time 17:25:48
DEBUG(save) File ev_psd contains data from adc 1
Saving ev_tof as file data/evt0103/ev_tof.019.
DEBUG(save) time 17:25:48
DEBUG(save) File ev_tof contains data from adc 2
Saving ev_route as file data/evt0103/ev_route.019.
DEBUG(save) time 17:25:48
DEBUG(save) ev_route 
000000
003730:003961:002195:000000:000000:000000
000000:000000:000000:000000:000000:000000
000114
Saving bci as file data/evt0103/bci.019.
DEBUG(save) time 17:25:48
Saving dtime as file data/evt0103/dtime.019.
DEBUG(save) time 17:25:48
Saving ev_e as file data/evt0103/ev_e.020.
DEBUG(save) time 17:26:14
DEBUG(save) File ev_e contains data from adc 0
Saving ev_psd as file data/evt0103/ev_psd.020.
DEBUG(save) time 17:26:14
DEBUG(save) File ev_psd contains data from adc 1
Saving ev_tof as file data/evt0103/ev_tof.020.
DEBUG(save) time 17:26:14
DEBUG(save) File ev_tof contains data from adc 2
Saving ev_route as file data/evt0103/ev_route.020.
DEBUG(save) time 17:26:14
DEBUG(save) ev_route 
000001
003766:004005:002139:000000:000000:000000
000000:000000:000000:000000:000000:000000
000089
Saving bci as file data/evt0103/bci.020.
DEBUG(save) time 17:26:14
Saving dtime as file data/evt0103/dtime.020.
DEBUG(save) time 17:26:14
Saving ev_e as file data/evt0103/ev_e.021.
DEBUG(save) time 17:26:40
DEBUG(save) File ev_e contains data from adc 0
Saving ev_psd as file data/evt0103/ev_psd.021.
DEBUG(save) time 17:26:40
DEBUG(save) File ev_psd contains data from adc 1
Saving ev_tof as file data/evt0103/ev_tof.021.
DEBUG(save) time 17:26:40
DEBUG(save) File ev_tof contains data from adc 2
Saving ev_route as file data/evt0103/ev_route.021.
DEBUG(save) time 17:26:40
DEBUG(save) ev_route 
000000
003706:004069:002153:000000:000000:000000
000000:000000:000000:000000:000000:000000
000072
Saving bci as file data/evt0103/bci.021.
DEBUG(save) time 17:26:40
Saving dtime as file data/evt0103/dtime.021.
DEBUG(save) time 17:26:40
Saving ev_e as file data/evt0103/ev_e.022.
DEBUG(save) time 17:27:06
DEBUG(save) File ev_e contains data from adc 0
Saving ev_psd as file data/evt0103/ev_psd.022.
DEBUG(save) time 17:27:06
DEBUG(save) File ev_psd contains data from adc 1
Saving ev_tof as file data/evt0103/ev_tof.022.
DEBUG(save) time 17:27:06
DEBUG(save) File ev_tof contains data from adc 2
Saving ev_route as file data/evt0103/ev_route.022.
DEBUG(save) time 17:27:06
DEBUG(save) ev_route 
000001
003728:003923:002253:000000:000000:000000
000000:000000:000000:000000:000000:000000
000095
Saving bci as file data/evt0103/bci.022.
DEBUG(save) time 17:27:06
Saving dtime as file data/evt0103/dtime.022.
DEBUG(save) time 17:27:06
Saving ev_e as file data/evt0103/ev_e.023.
DEBUG(save) time 17:27:33
DEBUG(save) File ev_e contains data from adc 0
Saving ev_psd as file data/evt0103/ev_psd.023.
DEBUG(save) time 17:27:33
DEBUG(save) File ev_psd contains data from adc 1
Saving ev_tof as file data/evt0103/ev_tof.023.
DEBUG(save) time 17:27:33
DEBUG(save) File ev_tof contains data from adc 2
Saving ev_route as file data/evt0103/ev_route.023.
DEBUG(save) time 17:27:33
DEBUG(save) ev_route 
000002
003688:004079:002145:000000:000000:000000
000000:000000:000000:000000:000000:000000
000086
Saving bci as file data/evt0103/bci.023.
DEBUG(save) time 17:27:33
Saving dtime as file data/evt0103/dtime.023.
DEBUG(save) time 17:27:33
Saving ev_e as file data/evt0103/ev_e.024.
DEBUG(save) time 17:27:59
DEBUG(save) File ev_e contains data from adc 0
Saving ev_psd as file data/evt0103/ev_psd.024.
DEBUG(save) time 17:27:59
DEBUG(save) File ev_psd contains data from adc 1
Saving ev_tof as file data/evt0103/ev_tof.024.
DEBUG(save) time 17:27:59
DEBUG(save) File ev_tof contains data from adc 2
Saving ev_route as file data/evt0103/ev_route.024.
DEBUG(save) time 17:27:59
DEBUG(save) ev_route 
000000
003689:004019:002181:000000:000000:000000
000000:000000:000000:000000:000000:000000
000111
Saving bci as file data/evt0103/bci.024.
DEBUG(save) time 17:27:59
Saving dtime as file data/evt0103/dtime.024.
DEBUG(save) time 17:27:59
Saving ev_e as file data/evt0103/ev_e.025.
DEBUG(save) time 17:28:26
DEBUG(save) File ev_e contains data from adc 0
Saving ev_psd as file data/evt0103/ev_psd.025.
DEBUG(save) time 17:28:26
DEBUG(save) File ev_psd contains data from adc 1
Saving ev_tof as file data/evt0103/ev_tof.025.
DEBUG(save) time 17:28:26
DEBUG(save) File ev_tof contains data from adc 2
Saving ev_route as file data/evt0103/ev_route.025.
DEBUG(save) time 17:28:26
DEBUG(save) ev_route 
000002
003654:004128:002137:000000:000000:000000
000000:000000:000000:000000:000000:000000
000079
Saving bci as file data/evt0103/bci.025.
DEBUG(save) time 17:28:26
Saving dtime as file data/evt0103/dtime.025.
DEBUG(save) time 17:28:26
Saving ev_e as file data/evt0103/ev_e.026.
DEBUG(save) time 17:28:52
DEBUG(save) File ev_e contains data from adc 0
Saving ev_psd as file data/evt0103/ev_psd.026.
DEBUG(save) time 17:28:52
DEBUG(save) File ev_psd contains data from adc 1
Saving ev_tof as file data/evt0103/ev_tof.026.
DEBUG(save) time 17:28:52
DEBUG(save) File ev_tof contains data from adc 2
Saving ev_route as file data/evt0103/ev_route.026.
DEBUG(save) time 17:28:52
DEBUG(save) ev_route 
000001
003729:004071:002098:000000:000000:000000
000000:000000:000000:000000:000000:000000
000101
Saving bci as file data/evt0103/bci.026.
DEBUG(save) time 17:28:52
Saving dtime as file data/evt0103/dtime.026.
DEBUG(save) time 17:28:52
Saving ev_e as file data/evt0103/ev_e.027.
DEBUG(save) time 17:29:19
DEBUG(save) File ev_e contains data from adc 0
Saving ev_psd as file data/evt0103/ev_psd.027.
DEBUG(save) time 17:29:19
DEBUG(save) File ev_psd contains data from adc 1
Saving ev_tof as file data/evt0103/ev_tof.027.
DEBUG(save) time 17:29:19
DEBUG(save) File ev_tof contains data from adc 2
Saving ev_route as file data/evt0103/ev_route.027.
DEBUG(save) time 17:29:19
DEBUG(save) ev_route 
000002
003726:003964:002211:000000:000000:000000
000000:000000:000000:000000:000000:000000
000097
Saving bci as file data/evt0103/bci.027.
DEBUG(save) time 17:29:19
Saving dtime as file data/evt0103/dtime.027.
DEBUG(save) time 17:29:19
Saving ev_e as file data/evt0103/ev_e.028.
DEBUG(save) time 17:29:46
DEBUG(save) File ev_e contains data from adc 0
Saving ev_psd as file data/evt0103/ev_psd.028.
DEBUG(save) time 17:29:46
DEBUG(save) File ev_psd contains data from adc 1
Saving ev_tof as file data/evt0103/ev_tof.028.
DEBUG(save) time 17:29:46
DEBUG(save) File ev_tof contains data from adc 2
Saving ev_route as file data/evt0103/ev_route.028.
DEBUG(save) time 17:29:46
DEBUG(save) ev_route 
000001
003637:003998:002260:000000:000000:000000
000000:000000:000000:000000:000000:000000
000104
Saving bci as file data/evt0103/bci.028.
DEBUG(save) time 17:29:46
Saving dtime as file data/evt0103/dtime.028.
DEBUG(save) time 17:29:46
Saving ev_e as file data/evt0103/ev_e.029.
DEBUG(save) time 17:30:13
DEBUG(save) File ev_e contains data from adc 0
Saving ev_psd as file data/evt0103/ev_psd.029.
DEBUG(save) time 17:30:13
DEBUG(save) File ev_psd contains data from adc 1
Saving ev_tof as file data/evt0103/ev_tof.029.
DEBUG(save) time 17:30:13
DEBUG(save) File ev_tof contains data from adc 2
Saving ev_route as file data/evt0103/ev_route.029.
DEBUG(save) time 17:30:13
DEBUG(save) ev_route 
000003
003628:004028:002224:000000:000000:000000
000000:000000:000000:000000:000000:000000
000117
Saving bci as file data/evt0103/bci.029.
DEBUG(save) time 17:30:13
Saving dtime as file data/evt0103/dtime.029.
DEBUG(save) time 17:30:13
Saving ev_e as file data/evt0103/ev_e.030.
DEBUG(save) time 17:30:40
DEBUG(save) File ev_e contains data from adc 0
Saving ev_psd as file data/evt0103/ev_psd.030.
DEBUG(save) time 17:30:40
DEBUG(save) File ev_psd contains data from adc 1
Saving ev_tof as file data/evt0103/ev_tof.030.
DEBUG(save) time 17:30:40
DEBUG(save) File ev_tof contains data from adc 2
Saving ev_route as file data/evt0103/ev_route.030.
DEBUG(save) time 17:30:40
DEBUG(save) ev_route 
000001
003681:003989:002233:000000:000000:000000
000000:000000:000000:000000:000000:000000
000096
Saving bci as file data/evt0103/bci.030.
DEBUG(save) time 17:30:40
Saving dtime as file data/evt0103/dtime.030.
DEBUG(save) time 17:30:40
Saving ev_e as file data/evt0103/ev_e.031.
DEBUG(save) time 17:31:07
DEBUG(save) File ev_e contains data from adc 0
Saving ev_psd as file data/evt0103/ev_psd.031.
DEBUG(save) time 17:31:07
DEBUG(save) File ev_psd contains data from adc 1
Saving ev_tof as file data/evt0103/ev_tof.031.
DEBUG(save) time 17:31:07
DEBUG(save) File ev_tof contains data from adc 2
Saving ev_route as file data/evt0103/ev_route.031.
DEBUG(save) time 17:31:07
DEBUG(save) ev_route 
000002
003648:004061:002206:000000:000000:000000
000000:000000:000000:000000:000000:000000
000083
Saving bci as file data/evt0103/bci.031.
DEBUG(save) time 17:31:07
Saving dtime as file data/evt0103/dtime.031.
DEBUG(save) time 17:31:07
Saving ev_e as file data/evt0103/ev_e.032.
DEBUG(save) time 17:31:34
DEBUG(save) File ev_e contains data from adc 0
Saving ev_psd as file data/evt0103/ev_psd.032.
DEBUG(save) time 17:31:34
DEBUG(save) File ev_psd contains data from adc 1
Saving ev_tof as file data/evt0103/ev_tof.032.
DEBUG(save) time 17:31:34
DEBUG(save) File ev_tof contains data from adc 2
Saving ev_route as file data/evt0103/ev_route.032.
DEBUG(save) time 17:31:34
DEBUG(save) ev_route 
000001
003732:003966:002203:000000:000000:000000
000000:000000:000000:000000:000000:000000
000098
Saving bci as file data/evt0103/bci.032.
DEBUG(save) time 17:31:34
Saving dtime as file data/evt0103/dtime.032.
DEBUG(save) time 17:31:34
Saving ev_e as file data/evt0103/ev_e.033.
DEBUG(save) time 17:32:02
DEBUG(save) File ev_e contains data from adc 0
Saving ev_psd as file data/evt0103/ev_psd.033.
DEBUG(save) time 17:32:02
DEBUG(save) File ev_psd contains data from adc 1
Saving ev_tof as file data/evt0103/ev_tof.033.
DEBUG(save) time 17:32:02
DEBUG(save) File ev_tof contains data from adc 2
Saving ev_route as file data/evt0103/ev_route.033.
DEBUG(save) time 17:32:02
DEBUG(save) ev_route 
000002
003677:003959:002241:000000:000000:000000
000000:000000:000000:000000:000000:000000
000121
Saving bci as file data/evt0103/bci.033.
DEBUG(save) time 17:32:02
Saving dtime as file data/evt0103/dtime.033.
DEBUG(save) time 17:32:02
Saving ev_e as file data/evt0103/ev_e.034.
DEBUG(save) time 17:32:29
DEBUG(save) File ev_e contains data from adc 0
Saving ev_psd as file data/evt0103/ev_psd.034.
DEBUG(save) time 17:32:29
DEBUG(save) File ev_psd contains data from adc 1
Saving ev_tof as file data/evt0103/ev_tof.034.
DEBUG(save) time 17:32:29
DEBUG(save) File ev_tof contains data from adc 2
Saving ev_route as file data/evt0103/ev_route.034.
DEBUG(save) time 17:32:29
DEBUG(save) ev_route 
000001
003709:003983:002208:000000:000000:000000
000000:000000:000000:000000:000000:000000
000099
Saving bci as file data/evt0103/bci.034.
DEBUG(save) time 17:32:29
Saving dtime as file data/evt0103/dtime.034.
DEBUG(save) time 17:32:29
Saving ev_e as file data/evt0103/ev_e.035.
DEBUG(save) time 17:32:56
DEBUG(save) File ev_e contains data from adc 0
Saving ev_psd as file data/evt0103/ev_psd.035.
DEBUG(save) time 17:32:56
DEBUG(save) File ev_psd contains data from adc 1
Saving ev_tof as file data/evt0103/ev_tof.035.
DEBUG(save) time 17:32:56
DEBUG(save) File ev_tof contains data from adc 2
Saving ev_route as file data/evt0103/ev_route.035.
DEBUG(save) time 17:32:56
DEBUG(save) ev_route 
000000
003685:003957:002273:000000:000000:000000
000000:000000:000000:000000:000000:000000
000085
Saving bci as file data/evt0103/bci.035.
DEBUG(save) time 17:32:56
Saving dtime as file data/evt0103/dtime.035.
DEBUG(save) time 17:32:56
Saving ev_e as file data/evt0103/ev_e.036.
DEBUG(save) time 17:33:23
DEBUG(save) File ev_e contains data from adc 0
Saving ev_psd as file data/evt0103/ev_psd.036.
DEBUG(save) time 17:33:23
DEBUG(save) File ev_psd contains data from adc 1
Saving ev_tof as file data/evt0103/ev_tof.036.
DEBUG(save) time 17:33:23
DEBUG(save) File ev_tof contains data from adc 2
Saving ev_route as file data/evt0103/ev_route.036.
DEBUG(save) time 17:33:23
DEBUG(save) ev_route 
000001
003700:004021:002173:000000:000000:000000
000000:000000:000000:000000:000000:000000
000105
Saving bci as file data/evt0103/bci.036.
DEBUG(save) time 17:33:23
Saving dtime as file data/evt0103/dtime.036.
DEBUG(save) time 17:33:23
Saving ev_e as file data/evt0103/ev_e.037.
DEBUG(save) time 17:33:49
DEBUG(save) File ev_e contains data from adc 0
Saving ev_psd as file data/evt0103/ev_psd.037.
DEBUG(save) time 17:33:49
DEBUG(save) File ev_psd contains data from adc 1
Saving ev_tof as file data/evt0103/ev_tof.037.
DEBUG(save) time 17:33:49
DEBUG(save) File ev_tof contains data from adc 2
Saving ev_route as file data/evt0103/ev_route.037.
DEBUG(save) time 17:33:49
DEBUG(save) ev_route 
000001
003637:004027:002225:000000:000000:000000
000000:000000:000000:000000:000000:000000
000110
Saving bci as file data/evt0103/bci.037.
DEBUG(save) time 17:33:49
Saving dtime as file data/evt0103/dtime.037.
DEBUG(save) time 17:33:49
Saving ev_e as file data/evt0103/ev_e.038.
DEBUG(save) time 17:34:17
DEBUG(save) File ev_e contains data from adc 0
Saving ev_psd as file data/evt0103/ev_psd.038.
DEBUG(save) time 17:34:17
DEBUG(save) File ev_psd contains data from adc 1
Saving ev_tof as file data/evt0103/ev_tof.038.
DEBUG(save) time 17:34:17
DEBUG(save) File ev_tof contains data from adc 2
Saving ev_route as file data/evt0103/ev_route.038.
DEBUG(save) time 17:34:17
DEBUG(save) ev_route 
000002
003695:004011:002203:000000:000000:000000
000000:000000:000000:000000:000000:000000
000089
Saving bci as file data/evt0103/bci.038.
DEBUG(save) time 17:34:17
Saving dtime as file data/evt0103/dtime.038.
DEBUG(save) time 17:34:17
Saving ev_e as file data/evt0103/ev_e.039.
DEBUG(save) time 17:34:43
DEBUG(save) File ev_e contains data from adc 0
Saving ev_psd as file data/evt0103/ev_psd.039.
DEBUG(save) time 17:34:43
DEBUG(save) File ev_psd contains data from adc 1
Saving ev_tof as file data/evt0103/ev_tof.039.
DEBUG(save) time 17:34:43
DEBUG(save) File ev_tof contains data from adc 2
Saving ev_route as file data/evt0103/ev_route.039.
DEBUG(save) time 17:34:43
DEBUG(save) ev_route 
000002
003704:004072:002121:000000:000000:000000
000000:000000:000000:000000:000000:000000
000101
Saving bci as file data/evt0103/bci.039.
DEBUG(save) time 17:34:43
Saving dtime as file data/evt0103/dtime.039.
DEBUG(save) time 17:34:43
Saving ev_e as file data/evt0103/ev_e.040.
DEBUG(save) time 17:35:13
DEBUG(save) File ev_e contains data from adc 0
Saving ev_psd as file data/evt0103/ev_psd.040.
DEBUG(save) time 17:35:13
DEBUG(save) File ev_psd contains data from adc 1
Saving ev_tof as file data/evt0103/ev_tof.040.
DEBUG(save) time 17:35:13
DEBUG(save) File ev_tof contains data from adc 2
Saving ev_route as file data/evt0103/ev_route.040.
DEBUG(save) time 17:35:13
DEBUG(save) ev_route 
000002
003620:003969:002294:000000:000000:000000
000000:000000:000000:000000:000000:000000
000115
Saving bci as file data/evt0103/bci.040.
DEBUG(save) time 17:35:13
Saving dtime as file data/evt0103/dtime.040.
DEBUG(save) time 17:35:13
Saving ev_e as file data/evt0103/ev_e.041.
DEBUG(save) time 17:35:40
DEBUG(save) File ev_e contains data from adc 0
Saving ev_psd as file data/evt0103/ev_psd.041.
DEBUG(save) time 17:35:40
DEBUG(save) File ev_psd contains data from adc 1
Saving ev_tof as file data/evt0103/ev_tof.041.
DEBUG(save) time 17:35:40
DEBUG(save) File ev_tof contains data from adc 2
Saving ev_route as file data/evt0103/ev_route.041.
DEBUG(save) time 17:35:40
DEBUG(save) ev_route 
000002
003648:004105:002150:000000:000000:000000
000000:000000:000000:000000:000000:000000
000095
Saving bci as file data/evt0103/bci.041.
DEBUG(save) time 17:35:40
Saving dtime as file data/evt0103/dtime.041.
DEBUG(save) time 17:35:40
Saving ev_e as file data/evt0103/ev_e.042.
DEBUG(save) time 17:36:07
DEBUG(save) File ev_e contains data from adc 0
Saving ev_psd as file data/evt0103/ev_psd.042.
DEBUG(save) time 17:36:07
DEBUG(save) File ev_psd contains data from adc 1
Saving ev_tof as file data/evt0103/ev_tof.042.
DEBUG(save) time 17:36:07
DEBUG(save) File ev_tof contains data from adc 2
Saving ev_route as file data/evt0103/ev_route.042.
DEBUG(save) time 17:36:07
DEBUG(save) ev_route 
000001
003752:003913:002226:000000:000000:000000
000000:000000:000000:000000:000000:000000
000108
Saving bci as file data/evt0103/bci.042.
DEBUG(save) time 17:36:07
Saving dtime as file data/evt0103/dtime.042.
DEBUG(save) time 17:36:07
Saving ev_e as file data/evt0103/ev_e.043.
DEBUG(save) time 17:36:33
DEBUG(save) File ev_e contains data from adc 0
Saving ev_psd as file data/evt0103/ev_psd.043.
DEBUG(save) time 17:36:33
DEBUG(save) File ev_psd contains data from adc 1
Saving ev_tof as file data/evt0103/ev_tof.043.
DEBUG(save) time 17:36:33
DEBUG(save) File ev_tof contains data from adc 2
Saving ev_route as file data/evt0103/ev_route.043.
DEBUG(save) time 17:36:33
DEBUG(save) ev_route 
000004
003752:003920:002231:000000:000000:000000
000000:000000:000000:000000:000000:000000
000093
Saving bci as file data/evt0103/bci.043.
DEBUG(save) time 17:36:33
Saving dtime as file data/evt0103/dtime.043.
DEBUG(save) time 17:36:33
Saving ev_e as file data/evt0103/ev_e.044.
DEBUG(save) time 17:36:58
DEBUG(save) File ev_e contains data from adc 0
Saving ev_psd as file data/evt0103/ev_psd.044.
DEBUG(save) time 17:36:58
DEBUG(save) File ev_psd contains data from adc 1
Saving ev_tof as file data/evt0103/ev_tof.044.
DEBUG(save) time 17:36:58
DEBUG(save) File ev_tof contains data from adc 2
Saving ev_route as file data/evt0103/ev_route.044.
DEBUG(save) time 17:36:58
DEBUG(save) ev_route 
000002
003787:003965:002164:000000:000000:000000
000000:000000:000000:000000:000000:000000
000082
Saving bci as file data/evt0103/bci.044.
DEBUG(save) time 17:36:58
Saving dtime as file data/evt0103/dtime.044.
DEBUG(save) time 17:36:58
Saving ev_e as file data/evt0103/ev_e.045.
DEBUG(save) time 17:37:23
DEBUG(save) File ev_e contains data from adc 0
Saving ev_psd as file data/evt0103/ev_psd.045.
DEBUG(save) time 17:37:23
DEBUG(save) File ev_psd contains data from adc 1
Saving ev_tof as file data/evt0103/ev_tof.045.
DEBUG(save) time 17:37:23
DEBUG(save) File ev_tof contains data from adc 2
Saving ev_route as file data/evt0103/ev_route.045.
DEBUG(save) time 17:37:23
DEBUG(save) ev_route 
000004
003800:004019:002082:000000:000000:000000
000000:000000:000000:000000:000000:000000
000095
Saving bci as file data/evt0103/bci.045.
DEBUG(save) time 17:37:23
Saving dtime as file data/evt0103/dtime.045.
DEBUG(save) time 17:37:23
Saving ev_e as file data/evt0103/ev_e.046.
DEBUG(save) time 17:37:48
DEBUG(save) File ev_e contains data from adc 0
Saving ev_psd as file data/evt0103/ev_psd.046.
DEBUG(save) time 17:37:48
DEBUG(save) File ev_psd contains data from adc 1
Saving ev_tof as file data/evt0103/ev_tof.046.
DEBUG(save) time 17:37:48
DEBUG(save) File ev_tof contains data from adc 2
Saving ev_route as file data/evt0103/ev_route.046.
DEBUG(save) time 17:37:48
DEBUG(save) ev_route 
000000
003796:004017:002092:000000:000000:000000
000000:000000:000000:000000:000000:000000
000095
Saving bci as file data/evt0103/bci.046.
DEBUG(save) time 17:37:48
Saving dtime as file data/evt0103/dtime.046.
DEBUG(save) time 17:37:48
Saving ev_e as file data/evt0103/ev_e.047.
DEBUG(save) time 17:38:12
DEBUG(save) File ev_e contains data from adc 0
Saving ev_psd as file data/evt0103/ev_psd.047.
DEBUG(save) time 17:38:12
DEBUG(save) File ev_psd contains data from adc 1
Saving ev_tof as file data/evt0103/ev_tof.047.
DEBUG(save) time 17:38:12
DEBUG(save) File ev_tof contains data from adc 2
Saving ev_route as file data/evt0103/ev_route.047.
DEBUG(save) time 17:38:12
DEBUG(save) ev_route 
000001
003719:004125:002047:000000:000000:000000
000000:000000:000000:000000:000000:000000
000108
Saving bci as file data/evt0103/bci.047.
DEBUG(save) time 17:38:12
Saving dtime as file data/evt0103/dtime.047.
DEBUG(save) time 17:38:12
Saving e0 as file data/dsk0103/tag0000.dat.
DEBUG(save) time 17:39:23
Saving psd0 as file data/dsk0103/tag0001.dat.
DEBUG(save) time 17:39:23
Saving tof0 as file data/dsk0103/tag0002.dat.
DEBUG(save) time 17:39:23
Saving tof0g as file data/dsk0103/tag0003.dat.
DEBUG(save) time 17:39:23
Saving tof0n as file data/dsk0103/tag0004.dat.
DEBUG(save) time 17:39:23
Saving tof0eg as file data/dsk0103/tag0005.dat.
DEBUG(save) time 17:39:23
Saving tof0en as file data/dsk0103/tag0006.dat.
DEBUG(save) time 17:39:23
Saving e1 as file data/dsk0103/tag0010.dat.
DEBUG(save) time 17:39:23
Saving psd1 as file data/dsk0103/tag0011.dat.
DEBUG(save) time 17:39:23
Saving tof1 as file data/dsk0103/tag0012.dat.
DEBUG(save) time 17:39:23
Saving tof1g as file data/dsk0103/tag0013.dat.
DEBUG(save) time 17:39:23
Saving tof1n as file data/dsk0103/tag0014.dat.
DEBUG(save) time 17:39:23
Saving tof1eg as file data/dsk0103/tag0015.dat.
DEBUG(save) time 17:39:23
Saving tof1en as file data/dsk0103/tag0016.dat.
DEBUG(save) time 17:39:23
Saving e2 as file data/dsk0103/tag0020.dat.
DEBUG(save) time 17:39:23
Saving psd2 as file data/dsk0103/tag0021.dat.
DEBUG(save) time 17:39:23
Saving tof2 as file data/dsk0103/tag0022.dat.
DEBUG(save) time 17:39:23
Saving tof2g as file data/dsk0103/tag0023.dat.
DEBUG(save) time 17:39:23
Saving tof2n as file data/dsk0103/tag0024.dat.
DEBUG(save) time 17:39:23
Saving tof2eg as file data/dsk0103/tag0025.dat.
DEBUG(save) time 17:39:23
Saving tof2en as file data/dsk0103/tag0026.dat.
DEBUG(save) time 17:39:23
Saving e3 as file data/dsk0103/tag0030.dat.
DEBUG(save) time 17:39:23
Saving psd3 as file data/dsk0103/tag0031.dat.
DEBUG(save) time 17:39:23
Saving tof3 as file data/dsk0103/tag0032.dat.
DEBUG(save) time 17:39:23
Saving tof3g as file data/dsk0103/tag0033.dat.
DEBUG(save) time 17:39:23
Saving tof3n as file data/dsk0103/tag0034.dat.
DEBUG(save) time 17:39:23
Saving tof3eg as file data/dsk0103/tag0035.dat.
DEBUG(save) time 17:39:23
Saving tof3en as file data/dsk0103/tag0036.dat.
DEBUG(save) time 17:39:23
Saving e4 as file data/dsk0103/tag0040.dat.
DEBUG(save) time 17:39:23
Saving psd4 as file data/dsk0103/tag0041.dat.
DEBUG(save) time 17:39:23
Saving tof4 as file data/dsk0103/tag0042.dat.
DEBUG(save) time 17:39:23
Saving tof4g as file data/dsk0103/tag0043.dat.
DEBUG(save) time 17:39:23
Saving tof4n as file data/dsk0103/tag0044.dat.
DEBUG(save) time 17:39:23
Saving tof4eg as file data/dsk0103/tag0045.dat.
DEBUG(save) time 17:39:23
Saving tof4en as file data/dsk0103/tag0046.dat.
DEBUG(save) time 17:39:23
Saving eg as file data/dsk0103/tag0050.dat.
DEBUG(save) time 17:39:23
Saving psdg as file data/dsk0103/tag0051.dat.
DEBUG(save) time 17:39:23
Saving tofg as file data/dsk0103/tag0052.dat.
DEBUG(save) time 17:39:23
Saving en as file data/dsk0103/tag0053.dat.
DEBUG(save) time 17:39:23
Saving psdn as file data/dsk0103/tag0054.dat.
DEBUG(save) time 17:39:23
Saving tofn as file data/dsk0103/tag0055.dat.
DEBUG(save) time 17:39:23
Saving pileup as file data/dsk0103/tag0056.dat.
DEBUG(save) time 17:39:23
Saving all event files...

Saving ev_e as file data/evt0103/ev_e.048.
DEBUG(save) time 17:39:23
DEBUG(save) File ev_e contains data from adc 0
Saving ev_psd as file data/evt0103/ev_psd.048.
DEBUG(save) time 17:39:23
DEBUG(save) File ev_psd contains data from adc 1
Saving ev_tof as file data/evt0103/ev_tof.048.
DEBUG(save) time 17:39:23
DEBUG(save) File ev_tof contains data from adc 2
Saving ev_route as file data/evt0103/ev_route.048.
DEBUG(save) time 17:39:23
DEBUG(save) ev_route 
000000
002514:002813:001654:000000:000000:000000
000000:000000:000000:000000:000000:000000
000062
Saving bci as file data/evt0103/bci.048.
DEBUG(save) time 17:39:23
Saving dtime as file data/evt0103/dtime.048.
DEBUG(save) time 17:39:23